<?xml version="1.0" encoding="UTF-8"?>
<coverage generated="1689876039575" clover="3.2.0">
  <project timestamp="1689876039576" name="All files">
    <metrics statements="19" coveredstatements="17" conditionals="2" coveredconditionals="1" methods="4" coveredmethods="3" elements="25" coveredelements="21" complexity="0" loc="19" ncloc="19" packages="3" files="3" classes="3"/>
    <package name="controllers">
      <metrics statements="13" coveredstatements="11" conditionals="2" coveredconditionals="1" methods="2" coveredmethods="2"/>
      <file name="signup.ts" path="/Users/karol/Documents/Aula/src/presentation/controllers/signup.ts">
        <metrics statements="13" coveredstatements="11" conditionals="2" coveredconditionals="1" methods="2" coveredmethods="2"/>
        <line num="2" count="1" type="stmt"/>
        <line num="5" count="1" type="stmt"/>
        <line num="7" count="1" type="stmt"/>
        <line num="10" count="7" type="stmt"/>
        <line num="14" count="7" type="stmt"/>
        <line num="15" count="7" type="stmt"/>
        <line num="16" count="7" type="stmt"/>
        <line num="17" count="22" type="cond" truecount="1" falsecount="0"/>
        <line num="18" count="6" type="stmt"/>
        <line num="21" count="1" type="stmt"/>
        <line num="22" count="1" type="cond" truecount="0" falsecount="1"/>
        <line num="23" count="0" type="stmt"/>
        <line num="26" count="0" type="stmt"/>
      </file>
    </package>
    <package name="errors">
      <metrics statements="3" coveredstatements="3" conditionals="0" coveredconditionals="0" methods="0" coveredmethods="0"/>
      <file name="index.ts" path="/Users/karol/Documents/Aula/src/presentation/errors/index.ts">
        <metrics statements="3" coveredstatements="3" conditionals="0" coveredconditionals="0" methods="0" coveredmethods="0"/>
        <line num="1" count="1" type="stmt"/>
        <line num="2" count="1" type="stmt"/>
        <line num="3" count="1" type="stmt"/>
      </file>
    </package>
    <package name="helpers">
      <metrics statements="3" coveredstatements="3" conditionals="0" coveredconditionals="0" methods="2" coveredmethods="1"/>
      <file name="http-helpers.ts" path="/Users/karol/Documents/Aula/src/presentation/helpers/http-helpers.ts">
        <metrics statements="3" coveredstatements="3" conditionals="0" coveredconditionals="0" methods="2" coveredmethods="1"/>
        <line num="1" count="1" type="stmt"/>
        <line num="4" count="6" type="stmt"/>
        <line num="8" count="1" type="stmt"/>
      </file>
    </package>
  </project>
</coverage>
