TN:
SF:src/presentation/controllers/signup.ts
FN:10,(anonymous_0)
FN:14,(anonymous_1)
FNF:2
FNH:2
FNDA:6,(anonymous_0)
FNDA:6,(anonymous_1)
DA:1,1
DA:3,1
DA:6,1
DA:8,1
DA:11,6
DA:15,6
DA:16,6
DA:17,18
DA:18,5
DA:21,1
DA:22,1
DA:23,0
LF:12
LH:11
BRDA:17,0,0,5
BRDA:22,1,0,0
BRF:2
BRH:1
end_of_record
TN:
SF:src/presentation/errors/invalid-param-error.ts
FN:2,(anonymous_0)
FNF:1
FNH:1
FNDA:1,(anonymous_0)
DA:1,1
DA:3,1
DA:4,1
LF:3
LH:3
BRF:0
BRH:0
end_of_record
TN:
SF:src/presentation/errors/missing-param-error.ts
FN:2,(anonymous_0)
FNF:1
FNH:1
FNDA:9,(anonymous_0)
DA:1,1
DA:3,9
DA:4,9
LF:3
LH:3
BRF:0
BRH:0
end_of_record
